TN:
SF:src/holidays.ts
FNF:0
FNH:0
DA:28,1
LF:1
LH:1
BRF:0
BRH:0
end_of_record
TN:
SF:src/index.ts
FN:45,getEffectiveTimezone
FN:54,configureTimezone
FN:70,getTimezoneConfig
FN:410,(anonymous_3)
FN:428,parseDate
FN:490,(anonymous_5)
FN:510,(anonymous_6)
FN:559,formatDate
FN:575,(anonymous_8)
FN:609,addTime
FN:737,subtractTime
FN:753,getDateDiff
FN:810,remainingTime
FN:877,isBetweenDates
FN:908,isValidDate
FN:919,startOf
FN:966,endOf
FN:1014,getDayOfYear
FN:1031,getWeekOfYear
FN:1060,isLeapYear
FN:1081,getDaysInMonth
FN:1096,getRelativeTime
FN:1113,(anonymous_22)
FN:1151,getTimezoneOffset
FN:1171,createDate
FN:1214,(anonymous_25)
FN:1231,(anonymous_26)
FN:1244,(anonymous_27)
FN:1255,(anonymous_28)
FN:1262,(anonymous_29)
FN:1269,(anonymous_30)
FN:1277,(anonymous_31)
FN:1285,(anonymous_32)
FN:1295,(anonymous_33)
FN:1308,(anonymous_34)
FN:1321,(anonymous_35)
FN:1336,(anonymous_36)
FN:1345,(anonymous_37)
FN:1354,utcNow
FN:1364,toUTC
FN:1379,getTimezoneString
FN:1395,validateDateFormat
FN:1487,generateDateRange
FN:1534,formatDuration
FN:1586,getQuarter
FN:1612,getQuarterDate
FN:1652,getBusinessDays
FN:1667,(anonymous_47)
FN:1671,(anonymous_48)
FN:1719,calculateAge
FN:1787,cloneDate
FN:1800,minDate
FN:1805,(anonymous_52)
FN:1813,(anonymous_53)
FN:1821,maxDate
FN:1826,(anonymous_55)
FN:1834,(anonymous_56)
FN:1843,roundToNearest
FN:1893,compareDates
FN:1927,getTimestamp
FN:1942,fromTimestamp
FN:1964,randomDate
FN:1992,copyTime
FN:2020,truncateToUnit
FN:2077,setTime
FN:2130,isSameDay
FN:2154,isSameWeek
FN:2177,isSameMonth
FN:2200,isSameYear
FN:2221,isAfter
FN:2249,isBefore
FN:2278,isWithinRange
FN:2293,isValidRange
FN:2318,sortDates
FN:2332,(anonymous_74)
FN:2333,(anonymous_75)
FN:2336,(anonymous_76)
FN:2342,(anonymous_77)
FN:2350,getEarliestDate
FN:2367,getLatestDate
FN:2385,removeDuplicateDates
FN:2399,(anonymous_81)
FN:2400,(anonymous_82)
FN:2430,isFirstDayOfMonth
FN:2450,isLastDayOfMonth
FN:2472,isFirstDayOfYear
FN:2491,isLastDayOfYear
FN:2577,getMonthBoundaries
FN:2613,getYearBoundaries
FN:2652,getQuarterBoundaries
FN:2684,stripTime
FN:2707,getMidnight
FN:2722,getNoon
FN:2774,configureWorkingDays
FN:2791,(anonymous_95)
FN:2811,configureHolidays
FN:2840,getBusinessDayConfig
FN:2851,resetBusinessDayConfig
FN:2861,formatDateForComparison
FN:2876,isWeekend
FN:2897,isWeekday
FN:2913,isBusinessDay
FN:2942,addBusinessDays
FN:2989,subtractBusinessDays
FN:3008,getNextBusinessDay
FN:3035,getPreviousBusinessDay
FN:3062,businessDaysInMonth
FN:3108,differenceInBusinessDays
FN:3158,isLastBusinessDayOfMonth
FN:3203,isFirstBusinessDayOfMonth
FN:3240,getBusinessDaysInMonth
FN:3306,isHoliday
FN:3343,getHolidays
FN:3374,addHolidayRules
FN:3388,getNextHoliday
FN:3407,(anonymous_116)
FN:3408,(anonymous_117)
FN:3417,addCustomHolidays
FN:3449,calculateBusinessDaysCustom
FN:3465,(anonymous_120)
FN:3468,(anonymous_121)
FN:3505,getWorkingHoursBetween
FN:3561,addWorkingHours
FN:3615,isWorkingHours
FN:3660,getNextWorkingHour
FN:3704,mergeDateTime
FN:3736,timeOfDay
FN:3755,getISOWeek
FN:3775,getWeekOfMonth
FN:3794,getFiscalQuarter
FN:3819,getFiscalYear
FN:3850,getPayPeriods
FN:3908,getSeason
FN:3959,getMonthName
FN:3979,getMonthsInQuarter
FN:4016,nextOccurrence
FN:4043,previousOccurrence
FN:4084,convertTimezone
FN:4112,getTimezoneOffsetForZone
FN:4142,parseNaturalLanguage
FN:4252,generateRecurringDates
FN:4326,handleCustomRecurrence
FN:4363,compareDetailed
FN:4413,calculateAdvancedDuration
FN:4489,getNthWeekdayOfMonth
FN:4538,calculateBusinessDaysAdvanced
FN:4571,findClosestDate
FN:4623,getFiscalPeriodAdvanced
FN:4668,calculateWorkingHours
FN:4725,generatePayrollPeriods
FN:4802,calculateProjectMilestones
FN:4844,generateBusinessCalendar
FN:4882,(anonymous_153)
FN:4909,calculateOvertime
FN:4963,generateShiftSchedule
FN:5032,calculateSLACompliance
FN:5082,formatISO
FN:5115,formatCustom
FN:5126,(anonymous_159)
FN:5127,(anonymous_160)
FN:5128,(anonymous_161)
FN:5129,(anonymous_162)
FN:5130,(anonymous_163)
FN:5131,(anonymous_164)
FN:5132,(anonymous_165)
FN:5133,(anonymous_166)
FN:5134,(anonymous_167)
FN:5135,(anonymous_168)
FN:5136,(anonymous_169)
FN:5137,(anonymous_170)
FN:5138,(anonymous_171)
FN:5139,(anonymous_172)
FN:5140,(anonymous_173)
FN:5141,(anonymous_174)
FN:5142,(anonymous_175)
FN:5143,(anonymous_176)
FN:5144,(anonymous_177)
FN:5145,(anonymous_178)
FN:5146,(anonymous_179)
FN:5147,(anonymous_180)
FN:5148,(anonymous_181)
FN:5149,(anonymous_182)
FN:5155,(anonymous_183)
FN:5160,(anonymous_184)
FN:5165,(anonymous_185)
FN:5175,getOrdinalSuffix
FN:5188,formatLocalized
FN:5212,formatRelativeLocalized
FN:5253,formatCalendar
FN:5288,formatTimezone
FN:5337,humanizeDuration
FN:5402,parseISO
FN:5427,parseMultipleFormats
FN:5449,smartParse
FN:5499,getTimezoneInfo
FN:5519,(anonymous_196)
FN:5556,listTimezones
FN:5566,(anonymous_198)
FN:5573,(anonymous_199)
FN:5580,(anonymous_200)
FN:5586,(anonymous_201)
FN:5661,getConfigs
FN:5767,(anonymous_203)
FN:5771,(anonymous_204)
FNF:204
FNH:41
FNDA:267,getEffectiveTimezone
FNDA:0,configureTimezone
FNDA:0,getTimezoneConfig
FNDA:14,(anonymous_3)
FNDA:81,parseDate
FNDA:0,(anonymous_5)
FNDA:0,(anonymous_6)
FNDA:0,formatDate
FNDA:0,(anonymous_8)
FNDA:265,addTime
FNDA:1,subtractTime
FNDA:2,getDateDiff
FNDA:0,remainingTime
FNDA:2,isBetweenDates
FNDA:2,isValidDate
FNDA:6,startOf
FNDA:0,endOf
FNDA:0,getDayOfYear
FNDA:0,getWeekOfYear
FNDA:0,isLeapYear
FNDA:0,getDaysInMonth
FNDA:0,getRelativeTime
FNDA:0,(anonymous_22)
FNDA:0,getTimezoneOffset
FNDA:0,createDate
FNDA:0,(anonymous_25)
FNDA:0,(anonymous_26)
FNDA:0,(anonymous_27)
FNDA:0,(anonymous_28)
FNDA:0,(anonymous_29)
FNDA:0,(anonymous_30)
FNDA:0,(anonymous_31)
FNDA:0,(anonymous_32)
FNDA:0,(anonymous_33)
FNDA:0,(anonymous_34)
FNDA:0,(anonymous_35)
FNDA:0,(anonymous_36)
FNDA:0,(anonymous_37)
FNDA:0,utcNow
FNDA:0,toUTC
FNDA:0,getTimezoneString
FNDA:0,validateDateFormat
FNDA:0,generateDateRange
FNDA:0,formatDuration
FNDA:0,getQuarter
FNDA:0,getQuarterDate
FNDA:0,getBusinessDays
FNDA:0,(anonymous_47)
FNDA:0,(anonymous_48)
FNDA:0,calculateAge
FNDA:0,cloneDate
FNDA:0,minDate
FNDA:0,(anonymous_52)
FNDA:0,(anonymous_53)
FNDA:0,maxDate
FNDA:0,(anonymous_55)
FNDA:0,(anonymous_56)
FNDA:0,roundToNearest
FNDA:0,compareDates
FNDA:0,getTimestamp
FNDA:0,fromTimestamp
FNDA:0,randomDate
FNDA:0,copyTime
FNDA:0,truncateToUnit
FNDA:0,setTime
FNDA:0,isSameDay
FNDA:0,isSameWeek
FNDA:0,isSameMonth
FNDA:0,isSameYear
FNDA:0,isAfter
FNDA:0,isBefore
FNDA:0,isWithinRange
FNDA:0,isValidRange
FNDA:0,sortDates
FNDA:0,(anonymous_74)
FNDA:0,(anonymous_75)
FNDA:0,(anonymous_76)
FNDA:0,(anonymous_77)
FNDA:0,getEarliestDate
FNDA:0,getLatestDate
FNDA:0,removeDuplicateDates
FNDA:0,(anonymous_81)
FNDA:0,(anonymous_82)
FNDA:0,isFirstDayOfMonth
FNDA:0,isLastDayOfMonth
FNDA:0,isFirstDayOfYear
FNDA:0,isLastDayOfYear
FNDA:0,getMonthBoundaries
FNDA:0,getYearBoundaries
FNDA:0,getQuarterBoundaries
FNDA:0,stripTime
FNDA:0,getMidnight
FNDA:0,getNoon
FNDA:2,configureWorkingDays
FNDA:9,(anonymous_95)
FNDA:1,configureHolidays
FNDA:20,getBusinessDayConfig
FNDA:1,resetBusinessDayConfig
FNDA:4,formatDateForComparison
FNDA:6,isWeekend
FNDA:0,isWeekday
FNDA:6,isBusinessDay
FNDA:0,addBusinessDays
FNDA:0,subtractBusinessDays
FNDA:4,getNextBusinessDay
FNDA:0,getPreviousBusinessDay
FNDA:0,businessDaysInMonth
FNDA:0,differenceInBusinessDays
FNDA:0,isLastBusinessDayOfMonth
FNDA:0,isFirstBusinessDayOfMonth
FNDA:0,getBusinessDaysInMonth
FNDA:0,isHoliday
FNDA:0,getHolidays
FNDA:0,addHolidayRules
FNDA:0,getNextHoliday
FNDA:0,(anonymous_116)
FNDA:0,(anonymous_117)
FNDA:0,addCustomHolidays
FNDA:0,calculateBusinessDaysCustom
FNDA:0,(anonymous_120)
FNDA:0,(anonymous_121)
FNDA:0,getWorkingHoursBetween
FNDA:0,addWorkingHours
FNDA:0,isWorkingHours
FNDA:0,getNextWorkingHour
FNDA:0,mergeDateTime
FNDA:0,timeOfDay
FNDA:0,getISOWeek
FNDA:0,getWeekOfMonth
FNDA:0,getFiscalQuarter
FNDA:0,getFiscalYear
FNDA:0,getPayPeriods
FNDA:0,getSeason
FNDA:0,getMonthName
FNDA:0,getMonthsInQuarter
FNDA:1,nextOccurrence
FNDA:0,previousOccurrence
FNDA:4,convertTimezone
FNDA:8,getTimezoneOffsetForZone
FNDA:13,parseNaturalLanguage
FNDA:7,generateRecurringDates
FNDA:0,handleCustomRecurrence
FNDA:5,compareDetailed
FNDA:3,calculateAdvancedDuration
FNDA:0,getNthWeekdayOfMonth
FNDA:0,calculateBusinessDaysAdvanced
FNDA:0,findClosestDate
FNDA:3,getFiscalPeriodAdvanced
FNDA:3,calculateWorkingHours
FNDA:4,generatePayrollPeriods
FNDA:0,calculateProjectMilestones
FNDA:0,generateBusinessCalendar
FNDA:0,(anonymous_153)
FNDA:3,calculateOvertime
FNDA:0,generateShiftSchedule
FNDA:1,calculateSLACompliance
FNDA:3,formatISO
FNDA:0,formatCustom
FNDA:0,(anonymous_159)
FNDA:0,(anonymous_160)
FNDA:0,(anonymous_161)
FNDA:0,(anonymous_162)
FNDA:0,(anonymous_163)
FNDA:0,(anonymous_164)
FNDA:0,(anonymous_165)
FNDA:0,(anonymous_166)
FNDA:0,(anonymous_167)
FNDA:0,(anonymous_168)
FNDA:0,(anonymous_169)
FNDA:0,(anonymous_170)
FNDA:0,(anonymous_171)
FNDA:0,(anonymous_172)
FNDA:0,(anonymous_173)
FNDA:0,(anonymous_174)
FNDA:0,(anonymous_175)
FNDA:0,(anonymous_176)
FNDA:0,(anonymous_177)
FNDA:0,(anonymous_178)
FNDA:0,(anonymous_179)
FNDA:0,(anonymous_180)
FNDA:0,(anonymous_181)
FNDA:0,(anonymous_182)
FNDA:0,(anonymous_183)
FNDA:0,(anonymous_184)
FNDA:0,(anonymous_185)
FNDA:0,getOrdinalSuffix
FNDA:0,formatLocalized
FNDA:0,formatRelativeLocalized
FNDA:0,formatCalendar
FNDA:0,formatTimezone
FNDA:4,humanizeDuration
FNDA:2,parseISO
FNDA:1,parseMultipleFormats
FNDA:4,smartParse
FNDA:3,getTimezoneInfo
FNDA:14,(anonymous_196)
FNDA:20,listTimezones
FNDA:0,(anonymous_198)
FNDA:0,(anonymous_199)
FNDA:0,(anonymous_200)
FNDA:0,(anonymous_201)
FNDA:19,getConfigs
FNDA:19,(anonymous_203)
FNDA:19589,(anonymous_204)
DA:23,1
DA:26,1
DA:29,1
DA:37,1
DA:46,267
DA:47,267
DA:54,1
DA:58,0
DA:59,0
DA:61,0
DA:62,0
DA:70,1
DA:75,0
DA:409,1
DA:411,14
DA:412,14
DA:415,14
DA:416,14
DA:428,1
DA:429,81
DA:431,81
DA:432,81
DA:433,70
DA:434,70
DA:435,69
DA:438,11
DA:439,0
DA:440,0
DA:441,0
DA:444,11
DA:445,0
DA:448,11
DA:454,11
DA:455,11
DA:456,11
DA:457,0
DA:458,0
DA:459,0
DA:460,0
DA:461,0
DA:464,0
DA:465,0
DA:466,0
DA:467,0
DA:468,0
DA:472,0
DA:473,0
DA:474,0
DA:475,0
DA:476,0
DA:481,11
DA:482,11
DA:483,11
DA:484,0
DA:485,0
DA:486,0
DA:487,0
DA:488,0
DA:489,0
DA:490,0
DA:492,0
DA:493,0
DA:494,0
DA:495,0
DA:501,11
DA:502,11
DA:503,11
DA:504,0
DA:505,0
DA:506,0
DA:507,0
DA:508,0
DA:509,0
DA:510,0
DA:512,0
DA:513,0
DA:514,0
DA:515,0
DA:521,11
DA:522,11
DA:523,11
DA:524,2
DA:525,2
DA:526,2
DA:527,2
DA:528,2
DA:529,2
DA:530,2
DA:531,2
DA:534,2
DA:538,9
DA:539,9
DA:540,0
DA:543,9
DA:545,10
DA:546,4
DA:548,6
DA:559,1
DA:560,0
DA:561,0
DA:562,0
DA:563,0
DA:566,0
DA:567,0
DA:568,0
DA:569,0
DA:570,0
DA:571,0
DA:572,0
DA:573,0
DA:575,0
DA:577,0
DA:580,0
DA:582,0
DA:584,0
DA:586,0
DA:588,0
DA:590,0
DA:592,0
DA:594,0
DA:596,0
DA:598,0
DA:609,1
DA:616,265
DA:618,265
DA:620,265
DA:621,265
DA:622,265
DA:623,265
DA:624,265
DA:625,265
DA:626,265
DA:629,265
DA:631,0
DA:634,265
DA:635,0
DA:638,265
DA:640,265
DA:642,0
DA:644,0
DA:646,0
DA:649,0
DA:650,0
DA:653,0
DA:654,0
DA:656,0
DA:657,0
DA:658,0
DA:661,0
DA:665,261
DA:666,261
DA:669,261
DA:670,261
DA:672,261
DA:673,0
DA:674,0
DA:677,261
DA:681,1
DA:682,1
DA:684,1
DA:685,1
DA:687,1
DA:688,0
DA:689,0
DA:692,1
DA:696,3
DA:697,3
DA:698,3
DA:699,3
DA:701,3
DA:704,3
DA:705,0
DA:708,3
DA:712,0
DA:713,0
DA:715,0
DA:718,0
DA:719,0
DA:722,0
DA:725,0
DA:737,1
DA:743,1
DA:753,1
DA:759,2
DA:760,2
DA:761,2
DA:763,2
DA:764,0
DA:767,2
DA:769,2
DA:771,0
DA:773,0
DA:775,0
DA:777,0
DA:779,0
DA:781,0
DA:784,2
DA:785,2
DA:786,2
DA:787,2
DA:789,2
DA:792,0
DA:793,0
DA:794,0
DA:795,0
DA:798,0
DA:810,1
DA:816,0
DA:817,0
DA:818,0
DA:820,0
DA:821,0
DA:826,0
DA:828,0
DA:830,0
DA:832,0
DA:834,0
DA:836,0
DA:838,0
DA:840,0
DA:843,0
DA:844,0
DA:845,0
DA:846,0
DA:848,0
DA:851,0
DA:852,0
DA:853,0
DA:854,0
DA:856,0
DA:859,0
DA:860,0
DA:861,0
DA:862,0
DA:865,0
DA:877,1
DA:883,2
DA:884,2
DA:885,2
DA:887,2
DA:888,0
DA:891,2
DA:892,2
DA:893,2
DA:895,2
DA:896,2
DA:898,0
DA:908,1
DA:909,2
DA:910,2
DA:919,1
DA:923,6
DA:924,6
DA:925,0
DA:928,6
DA:930,6
DA:932,0
DA:933,0
DA:935,6
DA:936,6
DA:939,0
DA:941,0
DA:942,0
DA:943,0
DA:946,0
DA:947,0
DA:948,0
DA:950,0
DA:951,0
DA:952,0
DA:954,0
DA:957,6
DA:966,1
DA:970,0
DA:971,0
DA:972,0
DA:975,0
DA:977,0
DA:979,0
DA:980,0
DA:982,0
DA:983,0
DA:986,0
DA:988,0
DA:989,0
DA:990,0
DA:994,0
DA:995,0
DA:996,0
DA:999,0
DA:1000,0
DA:1001,0
DA:1003,0
DA:1006,0
DA:1014,1
DA:1015,0
DA:1016,0
DA:1017,0
DA:1020,0
DA:1021,0
DA:1022,0
DA:1023,0
DA:1031,1
DA:1032,0
DA:1033,0
DA:1034,0
DA:1039,0
DA:1040,0
DA:1041,0
DA:1044,0
DA:1046,0
DA:1047,0
DA:1051,0
DA:1052,0
DA:1060,1
DA:1063,0
DA:1064,0
DA:1066,0
DA:1067,0
DA:1068,0
DA:1070,0
DA:1073,0
DA:1081,1
DA:1082,0
DA:1083,0
DA:1084,0
DA:1087,0
DA:1096,1
DA:1100,0
DA:1101,0
DA:1103,0
DA:1104,0
DA:1107,0
DA:1108,0
DA:1109,0
DA:1110,0
DA:1113,0
DA:1114,0
DA:1115,0
DA:1119,0
DA:1120,0
DA:1121,0
DA:1122,0
DA:1123,0
DA:1124,0
DA:1127,0
DA:1128,0
DA:1130,0
DA:1131,0
DA:1132,0
DA:1135,0
DA:1136,0
DA:1139,0
DA:1140,0
DA:1143,0
DA:1151,1
DA:1152,0
DA:1153,0
DA:1154,0
DA:1157,0
DA:1171,1
DA:1181,0
DA:1182,0
DA:1185,0
DA:1188,0
DA:1189,0
DA:1193,0
DA:1194,0
DA:1197,0
DA:1203,1
DA:1216,0
DA:1219,0
DA:1221,0
DA:1222,0
DA:1223,0
DA:1232,0
DA:1245,0
DA:1246,0
DA:1247,0
DA:1249,0
DA:1256,0
DA:1263,0
DA:1270,0
DA:1278,0
DA:1286,0
DA:1299,0
DA:1300,0
DA:1309,0
DA:1322,0
DA:1323,0
DA:1325,0
DA:1326,0
DA:1328,0
DA:1337,0
DA:1346,0
DA:1354,1
DA:1355,0
DA:1356,0
DA:1364,1
DA:1365,0
DA:1366,0
DA:1367,0
DA:1370,0
DA:1379,1
DA:1380,0
DA:1381,0
DA:1382,0
DA:1383,0
DA:1384,0
DA:1386,0
DA:1395,1
DA:1399,0
DA:1401,0
DA:1402,0
DA:1403,0
DA:1405,0
DA:1406,0
DA:1407,0
DA:1408,0
DA:1409,0
DA:1412,0
DA:1413,0
DA:1414,0
DA:1415,0
DA:1416,0
DA:1419,0
DA:1420,0
DA:1421,0
DA:1423,0
DA:1424,0
DA:1425,0
DA:1427,0
DA:1428,0
DA:1429,0
DA:1431,0
DA:1432,0
DA:1433,0
DA:1434,0
DA:1437,0
DA:1438,0
DA:1439,0
DA:1440,0
DA:1441,0
DA:1444,0
DA:1448,0
DA:1449,0
DA:1450,0
DA:1452,0
DA:1487,1
DA:1494,0
DA:1496,0
DA:1497,0
DA:1499,0
DA:1500,0
DA:1503,0
DA:1504,0
DA:1507,0
DA:1508,0
DA:1510,0
DA:1514,0
DA:1515,0
DA:1518,0
DA:1534,1
DA:1538,0
DA:1540,0
DA:1541,0
DA:1544,0
DA:1554,0
DA:1555,0
DA:1557,0
DA:1558,0
DA:1560,0
DA:1561,0
DA:1563,0
DA:1565,0
DA:1566,0
DA:1568,0
DA:1572,0
DA:1586,1
DA:1587,0
DA:1588,0
DA:1589,0
DA:1592,0
DA:1593,0
DA:1612,1
DA:1616,0
DA:1617,0
DA:1618,0
DA:1621,0
DA:1622,0
DA:1624,0
DA:1626,0
DA:1629,0
DA:1652,1
DA:1657,0
DA:1658,0
DA:1660,0
DA:1661,0
DA:1665,0
DA:1668,0
DA:1669,0
DA:1671,0
DA:1674,0
DA:1675,0
DA:1678,0
DA:1679,0
DA:1684,0
DA:1685,0
DA:1686,0
DA:1690,0
DA:1691,0
DA:1692,0
DA:1695,0
DA:1698,0
DA:1719,1
DA:1726,0
DA:1727,0
DA:1728,0
DA:1731,0
DA:1735,0
DA:1736,0
DA:1739,0
DA:1740,0
DA:1744,0
DA:1746,0
DA:1749,0
DA:1754,0
DA:1757,0
DA:1761,0
DA:1762,0
DA:1763,0
DA:1766,0
DA:1767,0
DA:1769,0
DA:1770,0
DA:1774,0
DA:1775,0
DA:1776,0
DA:1779,0
DA:1787,1
DA:1788,0
DA:1789,0
DA:1790,0
DA:1792,0
DA:1800,1
DA:1801,0
DA:1802,0
DA:1805,0
DA:1806,0
DA:1807,0
DA:1808,0
DA:1810,0
DA:1813,0
DA:1821,1
DA:1822,0
DA:1823,0
DA:1826,0
DA:1827,0
DA:1828,0
DA:1829,0
DA:1831,0
DA:1834,0
DA:1843,1
DA:1847,0
DA:1848,0
DA:1849,0
DA:1852,0
DA:1854,0
DA:1856,0
DA:1857,0
DA:1858,0
DA:1860,0
DA:1861,0
DA:1864,0
DA:1865,0
DA:1866,0
DA:1868,0
DA:1869,0
DA:1872,0
DA:1873,0
DA:1874,0
DA:1876,0
DA:1877,0
DA:1880,0
DA:1883,0
DA:1893,1
DA:1898,0
DA:1899,0
DA:1901,0
DA:1902,0
DA:1905,0
DA:1906,0
DA:1909,0
DA:1910,0
DA:1911,0
DA:1912,0
DA:1913,0
DA:1916,0
DA:1917,0
DA:1918,0
DA:1927,1
DA:1928,0
DA:1929,0
DA:1930,0
DA:1933,0
DA:1934,0
DA:1942,1
DA:1943,0
DA:1944,0
DA:1948,0
DA:1950,0
DA:1951,0
DA:1952,0
DA:1955,0
DA:1964,1
DA:1968,0
DA:1969,0
DA:1971,0
DA:1972,0
DA:1975,0
DA:1976,0
DA:1979,0
DA:1980,0
DA:1981,0
DA:1983,0
DA:1992,1
DA:1996,0
DA:1997,0
DA:1999,0
DA:2000,0
DA:2003,0
DA:2004,0
DA:2011,0
DA:2020,1
DA:2024,0
DA:2025,0
DA:2026,0
DA:2029,0
DA:2031,0
DA:2034,0
DA:2036,0
DA:2037,0
DA:2039,0
DA:2040,0
DA:2042,0
DA:2043,0
DA:2045,0
DA:2046,0
DA:2048,0
DA:2049,0
DA:2050,0
DA:2051,0
DA:2054,0
DA:2055,0
DA:2056,0
DA:2058,0
DA:2059,0
DA:2060,0
DA:2062,0
DA:2065,0
DA:2077,1
DA:2084,0
DA:2085,0
DA:2086,0
DA:2090,0
DA:2091,0
DA:2095,0
DA:2096,0
DA:2100,0
DA:2101,0
DA:2105,0
DA:2106,0
DA:2109,0
DA:2110,0
DA:2117,0
DA:2130,1
DA:2134,0
DA:2135,0
DA:2137,0
DA:2138,0
DA:2141,0
DA:2154,1
DA:2158,0
DA:2159,0
DA:2161,0
DA:2162,0
DA:2165,0
DA:2166,0
DA:2168,0
DA:2177,1
DA:2181,0
DA:2182,0
DA:2184,0
DA:2185,0
DA:2188,0
DA:2200,1
DA:2204,0
DA:2205,0
DA:2207,0
DA:2208,0
DA:2211,0
DA:2221,1
DA:2226,0
DA:2227,0
DA:2229,0
DA:2230,0
DA:2233,0
DA:2234,0
DA:2235,0
DA:2236,0
DA:2239,0
DA:2249,1
DA:2254,0
DA:2255,0
DA:2257,0
DA:2258,0
DA:2261,0
DA:2262,0
DA:2263,0
DA:2264,0
DA:2267,0
DA:2278,1
DA:2284,0
DA:2293,1
DA:2297,0
DA:2298,0
DA:2300,0
DA:2301,0
DA:2304,0
DA:2318,1
DA:2322,0
DA:2323,0
DA:2326,0
DA:2327,0
DA:2331,0
DA:2332,0
DA:2333,0
DA:2336,0
DA:2337,0
DA:2338,0
DA:2342,0
DA:2350,1
DA:2351,0
DA:2352,0
DA:2355,0
DA:2356,0
DA:2359,0
DA:2367,1
DA:2368,0
DA:2369,0
DA:2372,0
DA:2373,0
DA:2376,0
DA:2385,1
DA:2389,0
DA:2390,0
DA:2393,0
DA:2394,0
DA:2398,0
DA:2399,0
DA:2400,0
DA:2403,0
DA:2404,0
DA:2406,0
DA:2407,0
DA:2408,0
DA:2410,0
DA:2411,0
DA:2412,0
DA:2416,0
DA:2430,1
DA:2431,0
DA:2432,0
DA:2433,0
DA:2435,0
DA:2450,1
DA:2451,0
DA:2452,0
DA:2453,0
DA:2456,0
DA:2457,0
DA:2458,0
DA:2472,1
DA:2473,0
DA:2474,0
DA:2475,0
DA:2477,0
DA:2491,1
DA:2492,0
DA:2493,0
DA:2494,0
DA:2496,0
DA:2526,1
DA:2530,0
DA:2531,0
DA:2532,0
DA:2535,0
DA:2536,0
DA:2539,0
DA:2540,0
DA:2542,0
DA:2543,0
DA:2544,0
DA:2546,0
DA:2547,0
DA:2548,0
DA:2550,0
DA:2577,1
DA:2578,0
DA:2579,0
DA:2580,0
DA:2583,0
DA:2584,0
DA:2586,0
DA:2587,0
DA:2589,0
DA:2613,1
DA:2614,0
DA:2615,0
DA:2618,0
DA:2619,0
DA:2621,0
DA:2622,0
DA:2624,0
DA:2652,1
DA:2653,0
DA:2654,0
DA:2657,0
DA:2658,0
DA:2661,0
DA:2662,0
DA:2664,0
DA:2665,0
DA:2667,0
DA:2668,0
DA:2670,0
DA:2684,1
DA:2685,0
DA:2686,0
DA:2687,0
DA:2690,0
DA:2691,0
DA:2692,0
DA:2707,1
DA:2708,0
DA:2722,1
DA:2723,0
DA:2724,0
DA:2725,0
DA:2728,0
DA:2729,0
DA:2730,0
DA:2747,1
DA:2755,1
DA:2774,1
DA:2775,2
DA:2776,0
DA:2779,2
DA:2780,0
DA:2784,2
DA:2785,11
DA:2786,0
DA:2791,9
DA:2793,2
DA:2794,2
DA:2811,1
DA:2812,1
DA:2813,0
DA:2816,1
DA:2818,1
DA:2819,2
DA:2820,2
DA:2821,0
DA:2825,2
DA:2826,2
DA:2827,2
DA:2828,2
DA:2829,2
DA:2832,1
DA:2833,1
DA:2840,1
DA:2841,20
DA:2851,1
DA:2852,1
DA:2853,1
DA:2862,4
DA:2876,1
DA:2877,6
DA:2878,6
DA:2879,0
DA:2882,6
DA:2883,6
DA:2897,1
DA:2898,0
DA:2913,1
DA:2914,6
DA:2915,6
DA:2916,0
DA:2920,6
DA:2921,2
DA:2925,4
DA:2926,4
DA:2942,1
DA:2947,0
DA:2948,0
DA:2949,0
DA:2950,0
DA:2953,0
DA:2954,0
DA:2957,0
DA:2958,0
DA:2961,0
DA:2962,0
DA:2963,0
DA:2965,0
DA:2966,0
DA:2968,0
DA:2969,0
DA:2973,0
DA:2989,1
DA:2993,0
DA:3008,1
DA:3009,4
DA:3010,4
DA:3011,0
DA:3014,4
DA:3016,4
DA:3017,6
DA:3020,4
DA:3035,1
DA:3036,0
DA:3037,0
DA:3038,0
DA:3041,0
DA:3043,0
DA:3044,0
DA:3047,0
DA:3062,1
DA:3063,0
DA:3064,0
DA:3067,0
DA:3068,0
DA:3071,0
DA:3072,0
DA:3074,0
DA:3075,0
DA:3077,0
DA:3078,0
DA:3079,0
DA:3081,0
DA:3084,0
DA:3108,1
DA:3112,0
DA:3113,0
DA:3115,0
DA:3116,0
DA:3120,0
DA:3121,0
DA:3123,0
DA:3124,0
DA:3127,0
DA:3128,0
DA:3129,0
DA:3131,0
DA:3132,0
DA:3135,0
DA:3137,0
DA:3138,0
DA:3139,0
DA:3141,0
DA:3144,0
DA:3158,1
DA:3159,0
DA:3160,0
DA:3161,0
DA:3165,0
DA:3166,0
DA:3170,0
DA:3171,0
DA:3174,0
DA:3175,0
DA:3179,0
DA:3180,0
DA:3182,0
DA:3183,0
DA:3184,0
DA:3186,0
DA:3189,0
DA:3203,1
DA:3204,0
DA:3205,0
DA:3206,0
DA:3210,0
DA:3211,0
DA:3215,0
DA:3216,0
DA:3218,0
DA:3219,0
DA:3220,0
DA:3222,0
DA:3225,0
DA:3240,1
DA:3241,0
DA:3242,0
DA:3245,0
DA:3246,0
DA:3249,0
DA:3250,0
DA:3251,0
DA:3253,0
DA:3255,0
DA:3256,0
DA:3257,0
DA:3259,0
DA:3262,0
DA:3279,1
DA:3298,1
DA:3306,1
DA:3311,0
DA:3312,0
DA:3313,0
DA:3314,0
DA:3317,0
DA:3320,0
DA:3321,0
DA:3325,0
DA:3326,0
DA:3327,0
DA:3328,0
DA:3329,0
DA:3334,0
DA:3343,1
DA:3344,0
DA:3345,0
DA:3348,0
DA:3349,0
DA:3350,0
DA:3353,0
DA:3355,0
DA:3356,0
DA:3358,0
DA:3359,0
DA:3360,0
DA:3362,0
DA:3366,0
DA:3374,1
DA:3375,0
DA:3376,0
DA:3379,0
DA:3388,1
DA:3392,0
DA:3393,0
DA:3394,0
DA:3397,0
DA:3400,0
DA:3401,0
DA:3403,0
DA:3406,0
DA:3407,0
DA:3408,0
DA:3410,0
DA:3417,1
DA:3418,0
DA:3419,0
DA:3422,0
DA:3423,0
DA:3424,0
DA:3425,0
DA:3428,0
DA:3429,0
DA:3449,1
DA:3454,0
DA:3455,0
DA:3457,0
DA:3458,0
DA:3461,0
DA:3464,0
DA:3466,0
DA:3467,0
DA:3468,0
DA:3471,0
DA:3472,0
DA:3473,0
DA:3475,0
DA:3476,0
DA:3477,0
DA:3479,0
DA:3480,0
DA:3483,0
DA:3486,0
DA:3505,1
DA:3510,0
DA:3511,0
DA:3513,0
DA:3514,0
DA:3517,0
DA:3520,0
DA:3521,0
DA:3523,0
DA:3524,0
DA:3526,0
DA:3527,0
DA:3530,0
DA:3531,0
DA:3532,0
DA:3534,0
DA:3535,0
DA:3538,0
DA:3539,0
DA:3541,0
DA:3542,0
DA:3547,0
DA:3548,0
DA:3551,0
DA:3561,1
DA:3566,0
DA:3567,0
DA:3568,0
DA:3571,0
DA:3577,0
DA:3578,0
DA:3580,0
DA:3581,0
DA:3583,0
DA:3584,0
DA:3585,0
DA:3587,0
DA:3588,0
DA:3590,0
DA:3591,0
DA:3592,0
DA:3593,0
DA:3596,0
DA:3598,0
DA:3599,0
DA:3602,0
DA:3606,0
DA:3615,1
DA:3619,0
DA:3620,0
DA:3621,0
DA:3624,0
DA:3630,0
DA:3631,0
DA:3633,0
DA:3636,0
DA:3637,0
DA:3641,0
DA:3642,0
DA:3644,0
DA:3645,0
DA:3647,0
DA:3648,0
DA:3649,0
DA:3651,0
DA:3660,1
DA:3664,0
DA:3665,0
DA:3666,0
DA:3669,0
DA:3675,0
DA:3676,0
DA:3678,0
DA:3679,0
DA:3682,0
DA:3683,0
DA:3684,0
DA:3685,0
DA:3690,0
DA:3691,0
DA:3694,0
DA:3695,0
DA:3704,1
DA:3708,0
DA:3709,0
DA:3711,0
DA:3712,0
DA:3715,0
DA:3716,0
DA:3723,0
DA:3736,1
DA:3737,0
DA:3738,0
DA:3739,0
DA:3742,0
DA:3744,0
DA:3745,0
DA:3746,0
DA:3747,0
DA:3755,1
DA:3756,0
DA:3757,0
DA:3758,0
DA:3761,0
DA:3762,0
DA:3763,0
DA:3765,0
DA:3766,0
DA:3767,0
DA:3775,1
DA:3776,0
DA:3777,0
DA:3778,0
DA:3781,0
DA:3782,0
DA:3783,0
DA:3785,0
DA:3794,1
DA:3798,0
DA:3799,0
DA:3800,0
DA:3803,0
DA:3804,0
DA:3807,0
DA:3808,0
DA:3810,0
DA:3819,1
DA:3823,0
DA:3824,0
DA:3825,0
DA:3828,0
DA:3829,0
DA:3832,0
DA:3833,0
DA:3835,0
DA:3850,1
DA:3855,0
DA:3856,0
DA:3858,0
DA:3859,0
DA:3862,0
DA:3863,0
DA:3865,0
DA:3866,0
DA:3868,0
DA:3870,0
DA:3871,0
DA:3873,0
DA:3874,0
DA:3877,0
DA:3878,0
DA:3880,0
DA:3882,0
DA:3884,0
DA:3885,0
DA:3889,0
DA:3908,1
DA:3912,0
DA:3913,0
DA:3914,0
DA:3917,0
DA:3918,0
DA:3923,0
DA:3924,0
DA:3925,0
DA:3926,0
DA:3927,0
DA:3928,0
DA:3930,0
DA:3934,0
DA:3935,0
DA:3941,0
DA:3944,0
DA:3959,1
DA:3964,0
DA:3965,0
DA:3968,0
DA:3970,0
DA:3979,1
DA:3980,0
DA:3981,0
DA:3984,0
DA:3985,0
DA:3988,0
DA:3989,0
DA:3991,0
DA:3992,0
DA:3993,0
DA:4001,0
DA:4016,1
DA:4020,1
DA:4021,1
DA:4022,0
DA:4025,1
DA:4026,0
DA:4029,1
DA:4030,1
DA:4031,1
DA:4033,1
DA:4034,1
DA:4043,1
DA:4047,0
DA:4048,0
DA:4049,0
DA:4052,0
DA:4053,0
DA:4056,0
DA:4057,0
DA:4058,0
DA:4060,0
DA:4061,0
DA:4084,1
DA:4088,4
DA:4089,2
DA:4090,0
DA:4093,2
DA:4094,2
DA:4095,2
DA:4097,2
DA:4098,2
DA:4100,2
DA:4101,2
DA:4103,2
DA:4105,0
DA:4113,8
DA:4114,8
DA:4115,8
DA:4116,8
DA:4118,0
DA:4142,1
DA:4146,13
DA:4147,13
DA:4149,13
DA:4150,13
DA:4152,13
DA:4154,0
DA:4156,2
DA:4158,4
DA:4160,0
DA:4162,0
DA:4164,0
DA:4166,0
DA:4168,0
DA:4170,0
DA:4172,0
DA:4174,0
DA:4176,0
DA:4178,0
DA:4180,0
DA:4182,0
DA:4184,0
DA:4187,7
DA:4188,7
DA:4189,7
DA:4191,7
DA:4192,1
DA:4193,1
DA:4194,1
DA:4198,6
DA:4199,0
DA:4200,0
DA:4201,0
DA:4205,6
DA:4206,6
DA:4207,1
DA:4208,1
DA:4209,1
DA:4212,5
DA:4213,5
DA:4214,1
DA:4215,1
DA:4216,1
DA:4219,4
DA:4220,1
DA:4222,3
DA:4224,1
DA:4225,1
DA:4227,0
DA:4252,1
DA:4256,7
DA:4257,6
DA:4258,0
DA:4261,6
DA:4262,6
DA:4263,6
DA:4264,6
DA:4266,6
DA:4267,6
DA:4269,6
DA:4272,23
DA:4274,14
DA:4275,14
DA:4277,2
DA:4278,2
DA:4280,0
DA:4281,0
DA:4283,2
DA:4284,2
DA:4286,1
DA:4287,1
DA:4289,0
DA:4290,0
DA:4292,4
DA:4293,4
DA:4294,0
DA:4295,0
DA:4298,4
DA:4300,0
DA:4301,0
DA:4302,0
DA:4304,0
DA:4307,0
DA:4308,0
DA:4310,0
DA:4313,23
DA:4315,22
DA:4316,22
DA:4317,22
DA:4320,6
DA:4327,0
DA:4328,0
DA:4330,0
DA:4331,0
DA:4333,0
DA:4334,0
DA:4336,0
DA:4337,0
DA:4340,0
DA:4341,0
DA:4344,0
DA:4345,0
DA:4348,0
DA:4350,0
DA:4351,0
DA:4354,0
DA:4363,1
DA:4367,5
DA:4368,5
DA:4370,5
DA:4371,0
DA:4374,5
DA:4375,5
DA:4377,5
DA:4378,5
DA:4379,5
DA:4381,5
DA:4382,5
DA:4383,5
DA:4384,5
DA:4385,5
DA:4386,5
DA:4387,5
DA:4388,5
DA:4390,5
DA:4413,1
DA:4418,3
DA:4419,3
DA:4421,3
DA:4422,0
DA:4425,3
DA:4426,3
DA:4434,3
DA:4436,3
DA:4437,3
DA:4439,3
DA:4466,3
DA:4467,13
DA:4469,13
DA:4470,13
DA:4471,3
DA:4472,3
DA:4473,3
DA:4474,3
DA:4478,3
DA:4489,1
DA:4495,0
DA:4496,0
DA:4498,0
DA:4499,0
DA:4501,0
DA:4502,0
DA:4504,0
DA:4506,0
DA:4508,0
DA:4509,0
DA:4510,0
DA:4511,0
DA:4516,0
DA:4517,0
DA:4518,0
DA:4519,0
DA:4520,0
DA:4521,0
DA:4522,0
DA:4528,0
DA:4538,1
DA:4543,0
DA:4544,0
DA:4546,0
DA:4547,0
DA:4550,0
DA:4551,0
DA:4553,0
DA:4554,0
DA:4555,0
DA:4556,0
DA:4559,0
DA:4562,0
DA:4571,1
DA:4575,0
DA:4577,0
DA:4578,0
DA:4579,0
DA:4582,0
DA:4583,0
DA:4585,0
DA:4586,0
DA:4587,0
DA:4589,0
DA:4590,0
DA:4591,0
DA:4592,0
DA:4596,0
DA:4623,1
DA:4627,3
DA:4628,2
DA:4629,0
DA:4632,2
DA:4633,2
DA:4634,2
DA:4637,2
DA:4638,2
DA:4639,0
DA:4643,2
DA:4644,2
DA:4645,2
DA:4648,2
DA:4649,2
DA:4650,2
DA:4652,2
DA:4668,1
DA:4673,3
DA:4674,3
DA:4676,3
DA:4677,0
DA:4680,3
DA:4681,1
DA:4684,2
DA:4685,2
DA:4687,2
DA:4689,2
DA:4691,2
DA:4692,0
DA:4693,0
DA:4696,2
DA:4697,2
DA:4699,2
DA:4700,2
DA:4703,2
DA:4704,2
DA:4706,2
DA:4707,2
DA:4708,2
DA:4712,2
DA:4715,2
DA:4725,1
DA:4730,4
DA:4732,4
DA:4733,4
DA:4735,4
DA:4739,116
DA:4741,53
DA:4742,53
DA:4743,53
DA:4745,27
DA:4746,27
DA:4747,27
DA:4749,24
DA:4750,12
DA:4751,12
DA:4753,12
DA:4754,12
DA:4756,24
DA:4758,12
DA:4759,12
DA:4760,12
DA:4763,116
DA:4770,116
DA:4772,53
DA:4773,53
DA:4775,27
DA:4776,27
DA:4778,24
DA:4779,12
DA:4781,12
DA:4783,24
DA:4785,12
DA:4786,12
DA:4789,116
DA:4792,4
DA:4802,1
DA:4807,0
DA:4808,0
DA:4809,0
DA:4812,0
DA:4813,0
DA:4815,0
DA:4816,0
DA:4818,0
DA:4819,0
DA:4822,0
DA:4824,0
DA:4825,0
DA:4830,0
DA:4833,0
DA:4844,1
DA:4857,0
DA:4858,0
DA:4868,0
DA:4870,0
DA:4872,0
DA:4873,0
DA:4874,0
DA:4875,0
DA:4876,0
DA:4879,0
DA:4882,0
DA:4883,0
DA:4884,0
DA:4885,0
DA:4888,0
DA:4898,0
DA:4909,1
DA:4922,3
DA:4923,1
DA:4926,2
DA:4927,2
DA:4928,2
DA:4930,2
DA:4931,2
DA:4933,2
DA:4934,1
DA:4935,1
DA:4937,1
DA:4942,2
DA:4943,2
DA:4944,2
DA:4946,2
DA:4963,1
DA:4974,0
DA:4975,0
DA:4976,0
DA:4985,0
DA:4987,0
DA:4988,0
DA:4990,0
DA:4991,0
DA:4992,0
DA:4993,0
DA:4995,0
DA:4996,0
DA:4997,0
DA:4999,0
DA:5000,0
DA:5002,0
DA:5010,0
DA:5021,0
DA:5032,1
DA:5044,1
DA:5045,1
DA:5046,1
DA:5047,1
DA:5049,1
DA:5082,1
DA:5086,3
DA:5087,3
DA:5088,0
DA:5091,3
DA:5093,3
DA:5095,3
DA:5096,1
DA:5098,2
DA:5099,2
DA:5101,2
DA:5102,1
DA:5106,3
DA:5115,1
DA:5119,0
DA:5120,0
DA:5121,0
DA:5125,0
DA:5126,0
DA:5127,0
DA:5128,0
DA:5129,0
DA:5130,0
DA:5131,0
DA:5132,0
DA:5133,0
DA:5134,0
DA:5135,0
DA:5136,0
DA:5137,0
DA:5138,0
DA:5139,0
DA:5140,0
DA:5141,0
DA:5142,0
DA:5143,0
DA:5144,0
DA:5145,0
DA:5146,0
DA:5147,0
DA:5148,0
DA:5149,0
DA:5152,0
DA:5154,0
DA:5155,0
DA:5156,0
DA:5157,0
DA:5160,0
DA:5161,0
DA:5162,0
DA:5165,0
DA:5166,0
DA:5169,0
DA:5176,0
DA:5177,0
DA:5178,0
DA:5188,1
DA:5193,0
DA:5194,0
DA:5195,0
DA:5198,0
DA:5199,0
DA:5201,0
DA:5212,1
DA:5217,0
DA:5218,0
DA:5220,0
DA:5221,0
DA:5224,0
DA:5225,0
DA:5226,0
DA:5228,0
DA:5229,0
DA:5230,0
DA:5231,0
DA:5232,0
DA:5233,0
DA:5234,0
DA:5235,0
DA:5236,0
DA:5237,0
DA:5239,0
DA:5243,0
DA:5253,1
DA:5257,0
DA:5258,0
DA:5260,0
DA:5261,0
DA:5264,0
DA:5266,0
DA:5267,0
DA:5268,0
DA:5269,0
DA:5270,0
DA:5271,0
DA:5272,0
DA:5273,0
DA:5274,0
DA:5275,0
DA:5277,0
DA:5288,1
DA:5293,0
DA:5294,0
DA:5295,0
DA:5298,0
DA:5299,0
DA:5306,0
DA:5307,0
DA:5308,0
DA:5310,0
DA:5311,0
DA:5314,0
DA:5317,0
DA:5318,0
DA:5321,0
DA:5322,0
DA:5325,0
DA:5327,0
DA:5337,1
DA:5341,4
DA:5342,1
DA:5350,3
DA:5352,3
DA:5362,3
DA:5363,3
DA:5364,3
DA:5366,3
DA:5367,21
DA:5369,20
DA:5370,20
DA:5371,4
DA:5383,4
DA:5387,4
DA:5388,4
DA:5391,20
DA:5394,3
DA:5402,1
DA:5403,2
DA:5404,0
DA:5408,2
DA:5409,2
DA:5410,1
DA:5413,1
DA:5414,1
DA:5415,1
DA:5417,0
DA:5427,1
DA:5431,1
DA:5432,5
DA:5433,5
DA:5434,5
DA:5435,0
DA:5438,0
DA:5441,1
DA:5449,1
DA:5452,4
DA:5453,1
DA:5456,3
DA:5459,3
DA:5460,3
DA:5461,1
DA:5465,2
DA:5466,2
DA:5467,1
DA:5471,1
DA:5479,1
DA:5480,1
DA:5481,0
DA:5485,1
DA:5486,1
DA:5487,1
DA:5489,0
DA:5499,1
DA:5510,3
DA:5512,3
DA:5513,3
DA:5518,2
DA:5519,14
DA:5522,2
DA:5523,2
DA:5524,2
DA:5527,2
DA:5528,2
DA:5529,2
DA:5530,2
DA:5533,2
DA:5534,2
DA:5535,2
DA:5536,2
DA:5537,2
DA:5539,2
DA:5548,1
DA:5556,1
DA:5558,20
DA:5566,1
DA:5573,1
DA:5580,1
DA:5586,1
DA:5661,1
DA:5662,19
DA:5664,19
DA:5768,19
DA:5769,19
DA:5770,1938
DA:5771,19589
DA:5778,19
DA:5857,1
DA:6011,1
LF:1871
LH:573
BRDA:46,0,0,0
BRDA:46,0,1,267
BRDA:47,1,0,267
BRDA:47,1,1,0
BRDA:58,2,0,0
BRDA:58,2,1,0
BRDA:61,3,0,0
BRDA:61,3,1,0
BRDA:415,4,0,14
BRDA:415,4,1,0
BRDA:428,5,0,5
BRDA:429,6,0,5
BRDA:429,7,0,81
BRDA:432,8,0,70
BRDA:432,8,1,11
BRDA:434,9,0,1
BRDA:434,9,1,69
BRDA:438,10,0,0
BRDA:438,10,1,11
BRDA:440,11,0,0
BRDA:440,11,1,0
BRDA:444,12,0,0
BRDA:444,12,1,11
BRDA:456,13,0,0
BRDA:456,13,1,11
BRDA:459,14,0,0
BRDA:459,14,1,0
BRDA:460,15,0,0
BRDA:460,15,1,0
BRDA:461,16,0,0
BRDA:461,16,1,0
BRDA:467,17,0,0
BRDA:467,17,1,0
BRDA:467,18,0,0
BRDA:467,18,1,0
BRDA:467,18,2,0
BRDA:475,19,0,0
BRDA:475,19,1,0
BRDA:475,20,0,0
BRDA:475,20,1,0
BRDA:475,20,2,0
BRDA:483,21,0,0
BRDA:483,21,1,11
BRDA:487,22,0,0
BRDA:487,22,1,0
BRDA:488,23,0,0
BRDA:488,23,1,0
BRDA:489,24,0,0
BRDA:489,24,1,0
BRDA:492,25,0,0
BRDA:492,25,1,0
BRDA:494,26,0,0
BRDA:494,26,1,0
BRDA:494,27,0,0
BRDA:494,27,1,0
BRDA:494,27,2,0
BRDA:503,28,0,0
BRDA:503,28,1,11
BRDA:507,29,0,0
BRDA:507,29,1,0
BRDA:508,30,0,0
BRDA:508,30,1,0
BRDA:509,31,0,0
BRDA:509,31,1,0
BRDA:512,32,0,0
BRDA:512,32,1,0
BRDA:514,33,0,0
BRDA:514,33,1,0
BRDA:514,34,0,0
BRDA:514,34,1,0
BRDA:514,34,2,0
BRDA:523,35,0,2
BRDA:523,35,1,9
BRDA:528,36,0,0
BRDA:528,36,1,2
BRDA:529,37,0,0
BRDA:529,37,1,2
BRDA:530,38,0,0
BRDA:530,38,1,2
BRDA:531,39,0,0
BRDA:531,39,1,2
BRDA:539,40,0,0
BRDA:539,40,1,9
BRDA:545,41,0,4
BRDA:545,41,1,6
BRDA:546,42,0,4
BRDA:546,42,1,0
BRDA:559,43,0,0
BRDA:562,44,0,0
BRDA:562,44,1,0
BRDA:570,45,0,0
BRDA:570,45,1,0
BRDA:573,46,0,0
BRDA:573,46,1,0
BRDA:580,47,0,0
BRDA:580,47,1,0
BRDA:580,47,2,0
BRDA:580,47,3,0
BRDA:580,47,4,0
BRDA:580,47,5,0
BRDA:580,47,6,0
BRDA:580,47,7,0
BRDA:580,47,8,0
BRDA:618,48,0,265
BRDA:618,48,1,0
BRDA:634,49,0,0
BRDA:634,49,1,265
BRDA:640,50,0,0
BRDA:640,50,1,0
BRDA:640,50,2,0
BRDA:640,50,3,0
BRDA:640,50,4,261
BRDA:640,50,5,1
BRDA:640,50,6,3
BRDA:640,50,7,0
BRDA:640,50,8,0
BRDA:656,51,0,0
BRDA:656,51,1,0
BRDA:672,52,0,0
BRDA:672,52,1,261
BRDA:687,53,0,0
BRDA:687,53,1,1
BRDA:704,54,0,0
BRDA:704,54,1,3
BRDA:718,55,0,0
BRDA:718,55,1,0
BRDA:763,56,0,0
BRDA:763,56,1,2
BRDA:763,57,0,2
BRDA:763,57,1,2
BRDA:769,58,0,0
BRDA:769,58,1,0
BRDA:769,58,2,0
BRDA:769,58,3,0
BRDA:769,58,4,0
BRDA:769,58,5,0
BRDA:769,58,6,2
BRDA:769,58,7,0
BRDA:769,58,8,0
BRDA:812,59,0,0
BRDA:813,60,0,0
BRDA:820,61,0,0
BRDA:820,61,1,0
BRDA:820,62,0,0
BRDA:820,62,1,0
BRDA:828,63,0,0
BRDA:828,63,1,0
BRDA:828,63,2,0
BRDA:828,63,3,0
BRDA:828,63,4,0
BRDA:828,63,5,0
BRDA:828,63,6,0
BRDA:828,63,7,0
BRDA:828,63,8,0
BRDA:828,63,9,0
BRDA:881,64,0,2
BRDA:887,65,0,0
BRDA:887,65,1,2
BRDA:887,66,0,2
BRDA:887,66,1,2
BRDA:887,66,2,2
BRDA:895,67,0,2
BRDA:895,67,1,0
BRDA:896,68,0,2
BRDA:896,68,1,2
BRDA:898,69,0,0
BRDA:898,69,1,0
BRDA:924,70,0,0
BRDA:924,70,1,6
BRDA:930,71,0,0
BRDA:930,71,1,6
BRDA:930,71,2,0
BRDA:930,71,3,0
BRDA:930,71,4,0
BRDA:930,71,5,0
BRDA:971,72,0,0
BRDA:971,72,1,0
BRDA:977,73,0,0
BRDA:977,73,1,0
BRDA:977,73,2,0
BRDA:977,73,3,0
BRDA:977,73,4,0
BRDA:977,73,5,0
BRDA:1016,74,0,0
BRDA:1016,74,1,0
BRDA:1033,75,0,0
BRDA:1033,75,1,0
BRDA:1046,76,0,0
BRDA:1046,76,1,0
BRDA:1063,77,0,0
BRDA:1063,77,1,0
BRDA:1067,78,0,0
BRDA:1067,78,1,0
BRDA:1073,79,0,0
BRDA:1073,79,1,0
BRDA:1073,79,2,0
BRDA:1083,80,0,0
BRDA:1083,80,1,0
BRDA:1098,81,0,0
BRDA:1103,82,0,0
BRDA:1103,82,1,0
BRDA:1103,83,0,0
BRDA:1103,83,1,0
BRDA:1114,84,0,0
BRDA:1114,84,1,0
BRDA:1115,85,0,0
BRDA:1115,85,1,0
BRDA:1119,86,0,0
BRDA:1119,86,1,0
BRDA:1120,87,0,0
BRDA:1120,87,1,0
BRDA:1121,88,0,0
BRDA:1121,88,1,0
BRDA:1122,89,0,0
BRDA:1122,89,1,0
BRDA:1123,90,0,0
BRDA:1123,90,1,0
BRDA:1124,91,0,0
BRDA:1124,91,1,0
BRDA:1135,92,0,0
BRDA:1135,92,1,0
BRDA:1139,93,0,0
BRDA:1139,93,1,0
BRDA:1151,94,0,0
BRDA:1153,95,0,0
BRDA:1153,95,1,0
BRDA:1175,96,0,0
BRDA:1176,97,0,0
BRDA:1177,98,0,0
BRDA:1178,99,0,0
BRDA:1181,100,0,0
BRDA:1181,100,1,0
BRDA:1181,101,0,0
BRDA:1181,101,1,0
BRDA:1188,102,0,0
BRDA:1188,102,1,0
BRDA:1193,103,0,0
BRDA:1193,103,1,0
BRDA:1246,104,0,0
BRDA:1246,104,1,0
BRDA:1310,105,0,0
BRDA:1310,105,1,0
BRDA:1310,105,2,0
BRDA:1322,106,0,0
BRDA:1322,106,1,0
BRDA:1325,107,0,0
BRDA:1325,107,1,0
BRDA:1366,108,0,0
BRDA:1366,108,1,0
BRDA:1381,109,0,0
BRDA:1381,109,1,0
BRDA:1399,110,0,0
BRDA:1399,110,1,0
BRDA:1399,110,2,0
BRDA:1399,110,3,0
BRDA:1399,110,4,0
BRDA:1399,110,5,0
BRDA:1399,110,6,0
BRDA:1399,110,7,0
BRDA:1399,110,8,0
BRDA:1402,111,0,0
BRDA:1402,111,1,0
BRDA:1406,112,0,0
BRDA:1406,112,1,0
BRDA:1408,113,0,0
BRDA:1408,113,1,0
BRDA:1408,114,0,0
BRDA:1408,114,1,0
BRDA:1408,114,2,0
BRDA:1408,114,3,0
BRDA:1413,115,0,0
BRDA:1413,115,1,0
BRDA:1415,116,0,0
BRDA:1415,116,1,0
BRDA:1415,117,0,0
BRDA:1415,117,1,0
BRDA:1415,117,2,0
BRDA:1415,117,3,0
BRDA:1420,118,0,0
BRDA:1420,118,1,0
BRDA:1424,119,0,0
BRDA:1424,119,1,0
BRDA:1428,120,0,0
BRDA:1428,120,1,0
BRDA:1432,121,0,0
BRDA:1432,121,1,0
BRDA:1434,122,0,0
BRDA:1434,122,1,0
BRDA:1434,122,2,0
BRDA:1438,123,0,0
BRDA:1438,123,1,0
BRDA:1441,124,0,0
BRDA:1441,124,1,0
BRDA:1441,124,2,0
BRDA:1441,124,3,0
BRDA:1450,125,0,0
BRDA:1450,125,1,0
BRDA:1491,126,0,0
BRDA:1492,127,0,0
BRDA:1493,128,0,0
BRDA:1499,129,0,0
BRDA:1499,129,1,0
BRDA:1499,130,0,0
BRDA:1499,130,1,0
BRDA:1503,131,0,0
BRDA:1503,131,1,0
BRDA:1511,132,0,0
BRDA:1511,132,1,0
BRDA:1511,132,2,0
BRDA:1536,133,0,0
BRDA:1538,134,0,0
BRDA:1538,135,0,0
BRDA:1540,136,0,0
BRDA:1540,136,1,0
BRDA:1541,137,0,0
BRDA:1541,137,1,0
BRDA:1558,138,0,0
BRDA:1558,138,1,0
BRDA:1563,139,0,0
BRDA:1563,139,1,0
BRDA:1565,140,0,0
BRDA:1565,140,1,0
BRDA:1566,141,0,0
BRDA:1566,141,1,0
BRDA:1572,142,0,0
BRDA:1572,142,1,0
BRDA:1588,143,0,0
BRDA:1588,143,1,0
BRDA:1617,144,0,0
BRDA:1617,144,1,0
BRDA:1624,145,0,0
BRDA:1624,145,1,0
BRDA:1655,146,0,0
BRDA:1660,147,0,0
BRDA:1660,147,1,0
BRDA:1660,148,0,0
BRDA:1660,148,1,0
BRDA:1669,149,0,0
BRDA:1669,149,1,0
BRDA:1685,150,0,0
BRDA:1685,150,1,0
BRDA:1685,151,0,0
BRDA:1685,151,1,0
BRDA:1691,152,0,0
BRDA:1691,152,1,0
BRDA:1721,153,0,0
BRDA:1727,154,0,0
BRDA:1727,154,1,0
BRDA:1731,155,0,0
BRDA:1731,155,1,0
BRDA:1735,156,0,0
BRDA:1735,156,1,0
BRDA:1739,157,0,0
BRDA:1739,157,1,0
BRDA:1744,158,0,0
BRDA:1744,158,1,0
BRDA:1744,159,0,0
BRDA:1744,159,1,0
BRDA:1744,159,2,0
BRDA:1744,159,3,0
BRDA:1749,160,0,0
BRDA:1749,160,1,0
BRDA:1750,161,0,0
BRDA:1750,161,1,0
BRDA:1750,161,2,0
BRDA:1766,162,0,0
BRDA:1766,162,1,0
BRDA:1774,163,0,0
BRDA:1774,163,1,0
BRDA:1789,164,0,0
BRDA:1789,164,1,0
BRDA:1801,165,0,0
BRDA:1801,165,1,0
BRDA:1807,166,0,0
BRDA:1807,166,1,0
BRDA:1822,167,0,0
BRDA:1822,167,1,0
BRDA:1828,168,0,0
BRDA:1828,168,1,0
BRDA:1848,169,0,0
BRDA:1848,169,1,0
BRDA:1854,170,0,0
BRDA:1854,170,1,0
BRDA:1854,170,2,0
BRDA:1854,170,3,0
BRDA:1857,171,0,0
BRDA:1857,171,1,0
BRDA:1865,172,0,0
BRDA:1865,172,1,0
BRDA:1873,173,0,0
BRDA:1873,173,1,0
BRDA:1901,174,0,0
BRDA:1901,174,1,0
BRDA:1901,175,0,0
BRDA:1901,175,1,0
BRDA:1909,176,0,0
BRDA:1909,176,1,0
BRDA:1916,177,0,0
BRDA:1916,177,1,0
BRDA:1917,178,0,0
BRDA:1917,178,1,0
BRDA:1927,179,0,0
BRDA:1929,180,0,0
BRDA:1929,180,1,0
BRDA:1934,181,0,0
BRDA:1934,181,1,0
BRDA:1943,182,0,0
BRDA:1943,182,1,0
BRDA:1943,183,0,0
BRDA:1943,183,1,0
BRDA:1948,184,0,0
BRDA:1948,184,1,0
BRDA:1951,185,0,0
BRDA:1951,185,1,0
BRDA:1971,186,0,0
BRDA:1971,186,1,0
BRDA:1971,187,0,0
BRDA:1971,187,1,0
BRDA:1975,188,0,0
BRDA:1975,188,1,0
BRDA:1999,189,0,0
BRDA:1999,189,1,0
BRDA:1999,190,0,0
BRDA:1999,190,1,0
BRDA:2025,191,0,0
BRDA:2025,191,1,0
BRDA:2031,192,0,0
BRDA:2031,192,1,0
BRDA:2031,192,2,0
BRDA:2031,192,3,0
BRDA:2031,192,4,0
BRDA:2031,192,5,0
BRDA:2031,192,6,0
BRDA:2031,192,7,0
BRDA:2031,192,8,0
BRDA:2085,193,0,0
BRDA:2085,193,1,0
BRDA:2090,194,0,0
BRDA:2090,194,1,0
BRDA:2090,195,0,0
BRDA:2090,195,1,0
BRDA:2090,195,2,0
BRDA:2095,196,0,0
BRDA:2095,196,1,0
BRDA:2095,197,0,0
BRDA:2095,197,1,0
BRDA:2095,197,2,0
BRDA:2095,197,3,0
BRDA:2100,198,0,0
BRDA:2100,198,1,0
BRDA:2100,199,0,0
BRDA:2100,199,1,0
BRDA:2100,199,2,0
BRDA:2100,199,3,0
BRDA:2105,200,0,0
BRDA:2105,200,1,0
BRDA:2105,201,0,0
BRDA:2105,201,1,0
BRDA:2105,201,2,0
BRDA:2105,201,3,0
BRDA:2112,202,0,0
BRDA:2112,202,1,0
BRDA:2112,203,0,0
BRDA:2112,203,1,0
BRDA:2113,204,0,0
BRDA:2113,204,1,0
BRDA:2113,205,0,0
BRDA:2113,205,1,0
BRDA:2114,206,0,0
BRDA:2114,206,1,0
BRDA:2114,207,0,0
BRDA:2114,207,1,0
BRDA:2137,208,0,0
BRDA:2137,208,1,0
BRDA:2137,209,0,0
BRDA:2137,209,1,0
BRDA:2142,210,0,0
BRDA:2142,210,1,0
BRDA:2142,210,2,0
BRDA:2161,211,0,0
BRDA:2161,211,1,0
BRDA:2161,212,0,0
BRDA:2161,212,1,0
BRDA:2184,213,0,0
BRDA:2184,213,1,0
BRDA:2184,214,0,0
BRDA:2184,214,1,0
BRDA:2189,215,0,0
BRDA:2189,215,1,0
BRDA:2207,216,0,0
BRDA:2207,216,1,0
BRDA:2207,217,0,0
BRDA:2207,217,1,0
BRDA:2229,218,0,0
BRDA:2229,218,1,0
BRDA:2229,219,0,0
BRDA:2229,219,1,0
BRDA:2233,220,0,0
BRDA:2233,220,1,0
BRDA:2257,221,0,0
BRDA:2257,221,1,0
BRDA:2257,222,0,0
BRDA:2257,222,1,0
BRDA:2261,223,0,0
BRDA:2261,223,1,0
BRDA:2282,224,0,0
BRDA:2300,225,0,0
BRDA:2300,225,1,0
BRDA:2300,226,0,0
BRDA:2300,226,1,0
BRDA:2320,227,0,0
BRDA:2322,228,0,0
BRDA:2322,228,1,0
BRDA:2326,229,0,0
BRDA:2326,229,1,0
BRDA:2338,230,0,0
BRDA:2338,230,1,0
BRDA:2351,231,0,0
BRDA:2351,231,1,0
BRDA:2355,232,0,0
BRDA:2355,232,1,0
BRDA:2368,233,0,0
BRDA:2368,233,1,0
BRDA:2372,234,0,0
BRDA:2372,234,1,0
BRDA:2387,235,0,0
BRDA:2389,236,0,0
BRDA:2389,236,1,0
BRDA:2393,237,0,0
BRDA:2393,237,1,0
BRDA:2410,238,0,0
BRDA:2410,238,1,0
BRDA:2432,239,0,0
BRDA:2432,239,1,0
BRDA:2452,240,0,0
BRDA:2452,240,1,0
BRDA:2474,241,0,0
BRDA:2474,241,1,0
BRDA:2477,242,0,0
BRDA:2477,242,1,0
BRDA:2493,243,0,0
BRDA:2493,243,1,0
BRDA:2496,244,0,0
BRDA:2496,244,1,0
BRDA:2528,245,0,0
BRDA:2531,246,0,0
BRDA:2531,246,1,0
BRDA:2535,247,0,0
BRDA:2535,247,1,0
BRDA:2535,248,0,0
BRDA:2535,248,1,0
BRDA:2535,248,2,0
BRDA:2540,249,0,0
BRDA:2540,249,1,0
BRDA:2579,250,0,0
BRDA:2579,250,1,0
BRDA:2614,251,0,0
BRDA:2614,251,1,0
BRDA:2614,252,0,0
BRDA:2614,252,1,0
BRDA:2614,252,2,0
BRDA:2653,253,0,0
BRDA:2653,253,1,0
BRDA:2653,254,0,0
BRDA:2653,254,1,0
BRDA:2653,254,2,0
BRDA:2657,255,0,0
BRDA:2657,255,1,0
BRDA:2657,256,0,0
BRDA:2657,256,1,0
BRDA:2657,256,2,0
BRDA:2686,257,0,0
BRDA:2686,257,1,0
BRDA:2724,258,0,0
BRDA:2724,258,1,0
BRDA:2775,259,0,0
BRDA:2775,259,1,2
BRDA:2779,260,0,0
BRDA:2779,260,1,2
BRDA:2785,261,0,0
BRDA:2785,261,1,11
BRDA:2785,262,0,11
BRDA:2785,262,1,11
BRDA:2785,262,2,11
BRDA:2812,263,0,0
BRDA:2812,263,1,1
BRDA:2820,264,0,0
BRDA:2820,264,1,2
BRDA:2878,265,0,0
BRDA:2878,265,1,6
BRDA:2915,266,0,0
BRDA:2915,266,1,6
BRDA:2920,267,0,2
BRDA:2920,267,1,4
BRDA:2949,268,0,0
BRDA:2949,268,1,0
BRDA:2953,269,0,0
BRDA:2953,269,1,0
BRDA:2957,270,0,0
BRDA:2957,270,1,0
BRDA:2962,271,0,0
BRDA:2962,271,1,0
BRDA:2968,272,0,0
BRDA:2968,272,1,0
BRDA:3010,273,0,0
BRDA:3010,273,1,4
BRDA:3037,274,0,0
BRDA:3037,274,1,0
BRDA:3063,275,0,0
BRDA:3063,275,1,0
BRDA:3063,276,0,0
BRDA:3063,276,1,0
BRDA:3063,276,2,0
BRDA:3067,277,0,0
BRDA:3067,277,1,0
BRDA:3067,278,0,0
BRDA:3067,278,1,0
BRDA:3067,278,2,0
BRDA:3078,279,0,0
BRDA:3078,279,1,0
BRDA:3115,280,0,0
BRDA:3115,280,1,0
BRDA:3115,281,0,0
BRDA:3115,281,1,0
BRDA:3128,282,0,0
BRDA:3128,282,1,0
BRDA:3129,283,0,0
BRDA:3129,283,1,0
BRDA:3138,284,0,0
BRDA:3138,284,1,0
BRDA:3144,285,0,0
BRDA:3144,285,1,0
BRDA:3160,286,0,0
BRDA:3160,286,1,0
BRDA:3165,287,0,0
BRDA:3165,287,1,0
BRDA:3174,288,0,0
BRDA:3174,288,1,0
BRDA:3183,289,0,0
BRDA:3183,289,1,0
BRDA:3205,290,0,0
BRDA:3205,290,1,0
BRDA:3210,291,0,0
BRDA:3210,291,1,0
BRDA:3219,292,0,0
BRDA:3219,292,1,0
BRDA:3241,293,0,0
BRDA:3241,293,1,0
BRDA:3241,294,0,0
BRDA:3241,294,1,0
BRDA:3241,294,2,0
BRDA:3245,295,0,0
BRDA:3245,295,1,0
BRDA:3245,296,0,0
BRDA:3245,296,1,0
BRDA:3245,296,2,0
BRDA:3256,297,0,0
BRDA:3256,297,1,0
BRDA:3313,298,0,0
BRDA:3313,298,1,0
BRDA:3320,299,0,0
BRDA:3320,299,1,0
BRDA:3325,300,0,0
BRDA:3325,300,1,0
BRDA:3325,301,0,0
BRDA:3325,301,1,0
BRDA:3328,302,0,0
BRDA:3328,302,1,0
BRDA:3328,303,0,0
BRDA:3328,303,1,0
BRDA:3343,304,0,0
BRDA:3344,305,0,0
BRDA:3344,305,1,0
BRDA:3344,306,0,0
BRDA:3344,306,1,0
BRDA:3344,306,2,0
BRDA:3349,307,0,0
BRDA:3349,307,1,0
BRDA:3356,308,0,0
BRDA:3356,308,1,0
BRDA:3360,309,0,0
BRDA:3360,309,1,0
BRDA:3375,310,0,0
BRDA:3375,310,1,0
BRDA:3390,311,0,0
BRDA:3393,312,0,0
BRDA:3393,312,1,0
BRDA:3410,313,0,0
BRDA:3410,313,1,0
BRDA:3418,314,0,0
BRDA:3418,314,1,0
BRDA:3424,315,0,0
BRDA:3424,315,1,0
BRDA:3457,316,0,0
BRDA:3457,316,1,0
BRDA:3457,317,0,0
BRDA:3457,317,1,0
BRDA:3467,318,0,0
BRDA:3467,318,1,0
BRDA:3479,319,0,0
BRDA:3479,319,1,0
BRDA:3479,320,0,0
BRDA:3479,320,1,0
BRDA:3513,321,0,0
BRDA:3513,321,1,0
BRDA:3513,322,0,0
BRDA:3513,322,1,0
BRDA:3530,323,0,0
BRDA:3530,323,1,0
BRDA:3530,324,0,0
BRDA:3530,324,1,0
BRDA:3541,325,0,0
BRDA:3541,325,1,0
BRDA:3567,326,0,0
BRDA:3567,326,1,0
BRDA:3577,327,0,0
BRDA:3577,327,1,0
BRDA:3590,328,0,0
BRDA:3590,328,1,0
BRDA:3590,329,0,0
BRDA:3590,329,1,0
BRDA:3596,330,0,0
BRDA:3596,330,1,0
BRDA:3600,331,0,0
BRDA:3600,331,1,0
BRDA:3620,332,0,0
BRDA:3620,332,1,0
BRDA:3630,333,0,0
BRDA:3630,333,1,0
BRDA:3636,334,0,0
BRDA:3636,334,1,0
BRDA:3636,335,0,0
BRDA:3636,335,1,0
BRDA:3651,336,0,0
BRDA:3651,336,1,0
BRDA:3665,337,0,0
BRDA:3665,337,1,0
BRDA:3675,338,0,0
BRDA:3675,338,1,0
BRDA:3682,339,0,0
BRDA:3682,339,1,0
BRDA:3684,340,0,0
BRDA:3684,340,1,0
BRDA:3692,341,0,0
BRDA:3692,341,1,0
BRDA:3711,342,0,0
BRDA:3711,342,1,0
BRDA:3711,343,0,0
BRDA:3711,343,1,0
BRDA:3738,344,0,0
BRDA:3738,344,1,0
BRDA:3744,345,0,0
BRDA:3744,345,1,0
BRDA:3744,346,0,0
BRDA:3744,346,1,0
BRDA:3745,347,0,0
BRDA:3745,347,1,0
BRDA:3745,348,0,0
BRDA:3745,348,1,0
BRDA:3746,349,0,0
BRDA:3746,349,1,0
BRDA:3746,350,0,0
BRDA:3746,350,1,0
BRDA:3757,351,0,0
BRDA:3757,351,1,0
BRDA:3777,352,0,0
BRDA:3777,352,1,0
BRDA:3796,353,0,0
BRDA:3799,354,0,0
BRDA:3799,354,1,0
BRDA:3803,355,0,0
BRDA:3803,355,1,0
BRDA:3803,356,0,0
BRDA:3803,356,1,0
BRDA:3821,357,0,0
BRDA:3824,358,0,0
BRDA:3824,358,1,0
BRDA:3828,359,0,0
BRDA:3828,359,1,0
BRDA:3828,360,0,0
BRDA:3828,360,1,0
BRDA:3835,361,0,0
BRDA:3835,361,1,0
BRDA:3858,362,0,0
BRDA:3858,362,1,0
BRDA:3858,363,0,0
BRDA:3858,363,1,0
BRDA:3868,364,0,0
BRDA:3868,364,1,0
BRDA:3868,364,2,0
BRDA:3868,364,3,0
BRDA:3877,365,0,0
BRDA:3877,365,1,0
BRDA:3910,366,0,0
BRDA:3913,367,0,0
BRDA:3913,367,1,0
BRDA:3923,368,0,0
BRDA:3923,368,1,0
BRDA:3923,369,0,0
BRDA:3923,369,1,0
BRDA:3923,369,2,0
BRDA:3923,369,3,0
BRDA:3923,369,4,0
BRDA:3923,369,5,0
BRDA:3925,370,0,0
BRDA:3925,370,1,0
BRDA:3925,371,0,0
BRDA:3925,371,1,0
BRDA:3925,371,2,0
BRDA:3925,371,3,0
BRDA:3925,371,4,0
BRDA:3925,371,5,0
BRDA:3927,372,0,0
BRDA:3927,372,1,0
BRDA:3927,373,0,0
BRDA:3927,373,1,0
BRDA:3927,373,2,0
BRDA:3927,373,3,0
BRDA:3927,373,4,0
BRDA:3927,373,5,0
BRDA:3934,374,0,0
BRDA:3934,374,1,0
BRDA:3961,375,0,0
BRDA:3962,376,0,0
BRDA:3964,377,0,0
BRDA:3964,377,1,0
BRDA:3964,378,0,0
BRDA:3964,378,1,0
BRDA:3964,378,2,0
BRDA:3980,379,0,0
BRDA:3980,379,1,0
BRDA:3980,380,0,0
BRDA:3980,380,1,0
BRDA:3980,380,2,0
BRDA:3984,381,0,0
BRDA:3984,381,1,0
BRDA:3984,382,0,0
BRDA:3984,382,1,0
BRDA:4021,383,0,0
BRDA:4021,383,1,1
BRDA:4025,384,0,0
BRDA:4025,384,1,1
BRDA:4025,385,0,1
BRDA:4025,385,1,1
BRDA:4025,385,2,1
BRDA:4031,386,0,1
BRDA:4031,386,1,0
BRDA:4048,387,0,0
BRDA:4048,387,1,0
BRDA:4052,388,0,0
BRDA:4052,388,1,0
BRDA:4052,389,0,0
BRDA:4052,389,1,0
BRDA:4052,389,2,0
BRDA:4058,390,0,0
BRDA:4058,390,1,0
BRDA:4089,391,0,0
BRDA:4089,391,1,2
BRDA:4094,392,0,2
BRDA:4094,392,1,0
BRDA:4144,393,0,9
BRDA:4146,394,0,13
BRDA:4146,394,1,10
BRDA:4152,395,0,0
BRDA:4152,395,1,2
BRDA:4152,395,2,4
BRDA:4152,395,3,0
BRDA:4152,395,4,0
BRDA:4152,395,5,0
BRDA:4152,395,6,0
BRDA:4152,395,7,0
BRDA:4152,395,8,0
BRDA:4152,395,9,0
BRDA:4152,395,10,0
BRDA:4152,395,11,0
BRDA:4152,395,12,0
BRDA:4152,395,13,0
BRDA:4152,395,14,0
BRDA:4152,395,15,0
BRDA:4191,396,0,1
BRDA:4191,396,1,6
BRDA:4193,397,0,1
BRDA:4193,397,1,0
BRDA:4198,398,0,0
BRDA:4198,398,1,6
BRDA:4200,399,0,0
BRDA:4200,399,1,0
BRDA:4206,400,0,1
BRDA:4206,400,1,5
BRDA:4213,401,0,1
BRDA:4213,401,1,4
BRDA:4219,402,0,1
BRDA:4219,402,1,3
BRDA:4224,403,0,1
BRDA:4224,403,1,0
BRDA:4257,404,0,0
BRDA:4257,404,1,6
BRDA:4262,405,0,6
BRDA:4262,405,1,6
BRDA:4263,406,0,6
BRDA:4263,406,1,0
BRDA:4269,407,0,28
BRDA:4269,407,1,23
BRDA:4269,407,2,10
BRDA:4272,408,0,14
BRDA:4272,408,1,2
BRDA:4272,408,2,0
BRDA:4272,408,3,2
BRDA:4272,408,4,1
BRDA:4272,408,5,0
BRDA:4272,408,6,4
BRDA:4272,408,7,0
BRDA:4272,408,8,0
BRDA:4272,408,9,0
BRDA:4293,409,0,0
BRDA:4293,409,1,4
BRDA:4313,410,0,1
BRDA:4313,410,1,22
BRDA:4313,411,0,23
BRDA:4313,411,1,10
BRDA:4336,412,0,0
BRDA:4336,412,1,0
BRDA:4336,413,0,0
BRDA:4336,413,1,0
BRDA:4340,414,0,0
BRDA:4340,414,1,0
BRDA:4340,415,0,0
BRDA:4340,415,1,0
BRDA:4344,416,0,0
BRDA:4344,416,1,0
BRDA:4344,417,0,0
BRDA:4344,417,1,0
BRDA:4348,418,0,0
BRDA:4348,418,1,0
BRDA:4370,419,0,0
BRDA:4370,419,1,5
BRDA:4370,420,0,5
BRDA:4370,420,1,5
BRDA:4416,421,0,1
BRDA:4421,422,0,0
BRDA:4421,422,1,3
BRDA:4421,423,0,3
BRDA:4421,423,1,3
BRDA:4429,424,0,1
BRDA:4430,425,0,2
BRDA:4431,426,0,2
BRDA:4432,427,0,3
BRDA:4433,428,0,2
BRDA:4467,429,0,0
BRDA:4467,429,1,13
BRDA:4470,430,0,3
BRDA:4470,430,1,10
BRDA:4470,431,0,13
BRDA:4470,431,1,13
BRDA:4472,432,0,0
BRDA:4472,432,1,3
BRDA:4478,433,0,1
BRDA:4478,433,1,2
BRDA:4495,434,0,0
BRDA:4495,434,1,0
BRDA:4495,435,0,0
BRDA:4495,435,1,0
BRDA:4498,436,0,0
BRDA:4498,436,1,0
BRDA:4498,437,0,0
BRDA:4498,437,1,0
BRDA:4501,438,0,0
BRDA:4501,438,1,0
BRDA:4501,439,0,0
BRDA:4501,439,1,0
BRDA:4501,439,2,0
BRDA:4506,440,0,0
BRDA:4506,440,1,0
BRDA:4510,441,0,0
BRDA:4510,441,1,0
BRDA:4519,442,0,0
BRDA:4519,442,1,0
BRDA:4521,443,0,0
BRDA:4521,443,1,0
BRDA:4541,444,0,0
BRDA:4546,445,0,0
BRDA:4546,445,1,0
BRDA:4546,446,0,0
BRDA:4546,446,1,0
BRDA:4554,447,0,0
BRDA:4554,447,1,0
BRDA:4555,448,0,0
BRDA:4555,448,1,0
BRDA:4555,449,0,0
BRDA:4555,449,1,0
BRDA:4575,450,0,0
BRDA:4575,450,1,0
BRDA:4578,451,0,0
BRDA:4578,451,1,0
BRDA:4587,452,0,0
BRDA:4587,452,1,0
BRDA:4590,453,0,0
BRDA:4590,453,1,0
BRDA:4625,454,0,2
BRDA:4628,455,0,0
BRDA:4628,455,1,2
BRDA:4638,456,0,0
BRDA:4638,456,1,2
BRDA:4638,457,0,2
BRDA:4638,457,1,2
BRDA:4638,457,2,0
BRDA:4676,458,0,0
BRDA:4676,458,1,3
BRDA:4676,459,0,3
BRDA:4676,459,1,3
BRDA:4680,460,0,1
BRDA:4680,460,1,2
BRDA:4689,461,0,2
BRDA:4689,461,1,0
BRDA:4691,462,0,0
BRDA:4691,462,1,2
BRDA:4691,463,0,2
BRDA:4691,463,1,0
BRDA:4706,464,0,2
BRDA:4706,464,1,0
BRDA:4732,465,0,4
BRDA:4732,465,1,4
BRDA:4739,466,0,53
BRDA:4739,466,1,27
BRDA:4739,466,2,24
BRDA:4739,466,3,12
BRDA:4749,467,0,12
BRDA:4749,467,1,12
BRDA:4770,468,0,53
BRDA:4770,468,1,27
BRDA:4770,468,2,24
BRDA:4770,468,3,12
BRDA:4778,469,0,12
BRDA:4778,469,1,12
BRDA:4789,470,0,4
BRDA:4789,470,1,112
BRDA:4805,471,0,0
BRDA:4808,472,0,0
BRDA:4808,472,1,0
BRDA:4822,473,0,0
BRDA:4822,473,1,0
BRDA:4824,474,0,0
BRDA:4824,474,1,0
BRDA:4824,475,0,0
BRDA:4824,475,1,0
BRDA:4847,476,0,0
BRDA:4848,477,0,0
BRDA:4857,478,0,0
BRDA:4857,478,1,0
BRDA:4857,479,0,0
BRDA:4857,479,1,0
BRDA:4876,480,0,0
BRDA:4876,480,1,0
BRDA:4879,481,0,0
BRDA:4879,481,1,0
BRDA:4884,482,0,0
BRDA:4884,482,1,0
BRDA:4885,483,0,0
BRDA:4885,483,1,0
BRDA:4911,484,0,0
BRDA:4912,485,0,1
BRDA:4922,486,0,1
BRDA:4922,486,1,2
BRDA:4922,487,0,3
BRDA:4922,487,1,2
BRDA:4930,488,0,2
BRDA:4930,488,1,0
BRDA:4933,489,0,1
BRDA:4933,489,1,1
BRDA:4933,490,0,2
BRDA:4933,490,1,1
BRDA:4966,491,0,0
BRDA:4975,492,0,0
BRDA:4975,492,1,0
BRDA:4995,493,0,0
BRDA:4995,493,1,0
BRDA:5036,494,0,1
BRDA:5084,495,0,1
BRDA:5087,496,0,0
BRDA:5087,496,1,3
BRDA:5091,497,0,2
BRDA:5091,498,0,2
BRDA:5091,499,0,3
BRDA:5095,500,0,1
BRDA:5095,500,1,2
BRDA:5098,501,0,2
BRDA:5098,501,1,0
BRDA:5101,502,0,1
BRDA:5101,502,1,1
BRDA:5120,503,0,0
BRDA:5120,503,1,0
BRDA:5138,504,0,0
BRDA:5138,504,1,0
BRDA:5145,505,0,0
BRDA:5145,505,1,0
BRDA:5148,506,0,0
BRDA:5148,506,1,0
BRDA:5149,507,0,0
BRDA:5149,507,1,0
BRDA:5178,508,0,0
BRDA:5178,508,1,0
BRDA:5178,508,2,0
BRDA:5190,509,0,0
BRDA:5191,510,0,0
BRDA:5194,511,0,0
BRDA:5194,511,1,0
BRDA:5214,512,0,0
BRDA:5218,513,0,0
BRDA:5218,513,1,0
BRDA:5220,514,0,0
BRDA:5220,514,1,0
BRDA:5228,515,0,0
BRDA:5228,515,1,0
BRDA:5230,516,0,0
BRDA:5230,516,1,0
BRDA:5232,517,0,0
BRDA:5232,517,1,0
BRDA:5234,518,0,0
BRDA:5234,518,1,0
BRDA:5236,519,0,0
BRDA:5236,519,1,0
BRDA:5258,520,0,0
BRDA:5258,520,1,0
BRDA:5260,521,0,0
BRDA:5260,521,1,0
BRDA:5266,522,0,0
BRDA:5266,522,1,0
BRDA:5268,523,0,0
BRDA:5268,523,1,0
BRDA:5270,524,0,0
BRDA:5270,524,1,0
BRDA:5272,525,0,0
BRDA:5272,525,1,0
BRDA:5272,526,0,0
BRDA:5272,526,1,0
BRDA:5274,527,0,0
BRDA:5274,527,1,0
BRDA:5274,528,0,0
BRDA:5274,528,1,0
BRDA:5291,529,0,0
BRDA:5294,530,0,0
BRDA:5294,530,1,0
BRDA:5306,531,0,0
BRDA:5306,531,1,0
BRDA:5310,532,0,0
BRDA:5310,532,1,0
BRDA:5317,533,0,0
BRDA:5317,533,1,0
BRDA:5321,534,0,0
BRDA:5321,534,1,0
BRDA:5325,535,0,0
BRDA:5325,535,1,0
BRDA:5339,536,0,2
BRDA:5341,537,0,1
BRDA:5341,537,1,3
BRDA:5346,538,0,3
BRDA:5347,539,0,2
BRDA:5348,540,0,3
BRDA:5349,541,0,3
BRDA:5367,542,0,1
BRDA:5367,542,1,20
BRDA:5370,543,0,4
BRDA:5370,543,1,16
BRDA:5370,544,0,20
BRDA:5370,544,1,16
BRDA:5383,545,0,3
BRDA:5383,545,1,1
BRDA:5394,546,0,3
BRDA:5394,546,1,0
BRDA:5403,547,0,0
BRDA:5403,547,1,2
BRDA:5409,548,0,1
BRDA:5409,548,1,1
BRDA:5415,549,0,1
BRDA:5415,549,1,0
BRDA:5434,550,0,0
BRDA:5434,550,1,5
BRDA:5434,551,0,5
BRDA:5434,551,1,0
BRDA:5452,552,0,1
BRDA:5452,552,1,3
BRDA:5452,553,0,4
BRDA:5452,553,1,3
BRDA:5460,554,0,1
BRDA:5460,554,1,2
BRDA:5466,555,0,1
BRDA:5466,555,1,1
BRDA:5480,556,0,0
BRDA:5480,556,1,1
BRDA:5487,557,0,0
BRDA:5487,557,1,1
BRDA:5501,558,0,3
BRDA:5519,559,0,2
BRDA:5519,559,1,0
BRDA:5519,560,0,0
BRDA:5519,560,1,2
BRDA:5519,561,0,2
BRDA:5519,561,1,2
BRDA:5529,562,0,1
BRDA:5529,562,1,1
BRDA:5545,563,0,0
BRDA:5545,563,1,2
BRDA:5545,564,0,2
BRDA:5545,564,1,2
BRDA:5770,565,0,1938
BRDA:5770,565,1,0
BRF:1206
BRH:215
end_of_record
TN:
SF:src/locales.ts
FN:115,isValidLocale
FN:119,getLocalesByRegion
FN:123,getAllRegions
FN:127,getRegionForLocale
FNF:4
FNH:0
FNDA:0,isValidLocale
FNDA:0,getLocalesByRegion
FNDA:0,getAllRegions
FNDA:0,getRegionForLocale
DA:18,1
DA:63,1
DA:70,1
DA:115,1
DA:116,0
DA:119,1
DA:120,0
DA:123,1
DA:124,0
DA:127,1
DA:128,0
DA:129,0
DA:130,0
DA:133,0
DA:137,1
LF:15
LH:8
BRDA:120,0,0,0
BRDA:120,0,1,0
BRDA:129,1,0,0
BRDA:129,1,1,0
BRF:4
BRH:0
end_of_record
TN:
SF:src/timezones.ts
FN:248,getUserTimezone
FN:262,getTimezoneInfo
FN:263,(anonymous_2)
FN:272,getTimezoneOffset
FN:293,convertTimezone
FN:321,getTimezonesByRegion
FN:322,(anonymous_6)
FN:330,searchTimezones
FN:332,(anonymous_8)
FN:343,getTimezonesByOffset
FN:344,(anonymous_10)
FN:350,(anonymous_11)
FNF:12
FNH:5
FNDA:269,getUserTimezone
FNDA:3,getTimezoneInfo
FNDA:270,(anonymous_2)
FNDA:524,getTimezoneOffset
FNDA:0,convertTimezone
FNDA:0,getTimezonesByRegion
FNDA:0,(anonymous_6)
FNDA:0,searchTimezones
FNDA:0,(anonymous_8)
FNDA:0,getTimezonesByOffset
FNDA:0,(anonymous_10)
FNDA:164,(anonymous_11)
DA:10,1
DA:248,1
DA:249,269
DA:250,269
DA:253,0
DA:262,1
DA:263,270
DA:272,1
DA:273,524
DA:275,524
DA:276,524
DA:277,524
DA:278,524
DA:281,0
DA:282,0
DA:293,1
DA:294,0
DA:296,0
DA:297,0
DA:298,0
DA:301,0
DA:302,0
DA:303,0
DA:305,0
DA:308,0
DA:309,0
DA:310,0
DA:312,0
DA:321,1
DA:322,0
DA:330,1
DA:331,0
DA:332,0
DA:333,0
DA:343,1
DA:344,0
DA:350,164
DA:355,1
LF:38
LH:18
BRDA:263,0,0,3
BRDA:263,0,1,1
BRDA:272,1,0,0
BRDA:282,2,0,0
BRDA:282,2,1,0
BRDA:333,3,0,0
BRDA:333,3,1,0
BRF:7
BRH:2
end_of_record
